This file contains any messages produced by compilers while
running configure, to aid debugging if configure makes a mistake.

It was created by gama configure 1.9.07, which was
generated by GNU Autoconf 2.61.  Invocation command line was

  $ ./configure 

## --------- ##
## Platform. ##
## --------- ##

hostname = michal-VirtualBox
uname -m = x86_64
uname -r = 3.2.0-45-generic
uname -s = Linux
uname -v = #70-Ubuntu SMP Wed May 29 20:12:06 UTC 2013

/usr/bin/uname -p = unknown
/bin/uname -X     = unknown

/bin/arch              = unknown
/usr/bin/arch -k       = unknown
/usr/convex/getsysinfo = unknown
/usr/bin/hostinfo      = unknown
/bin/machine           = unknown
/usr/bin/oslevel       = unknown
/bin/universe          = unknown

PATH: /usr/lib/lightdm/lightdm
PATH: /usr/local/sbin
PATH: /usr/local/bin
PATH: /usr/sbin
PATH: /usr/bin
PATH: /sbin
PATH: /bin
PATH: /usr/games


## ----------- ##
## Core tests. ##
## ----------- ##

configure:1790: checking for a BSD-compatible install
configure:1846: result: /usr/bin/install -c
configure:1857: checking whether build environment is sane
configure:1900: result: yes
configure:1928: checking for a thread-safe mkdir -p
configure:1967: result: /bin/mkdir -p
configure:1980: checking for gawk
configure:2010: result: no
configure:1980: checking for mawk
configure:1996: found /usr/bin/mawk
configure:2007: result: mawk
configure:2018: checking whether make sets $(MAKE)
configure:2039: result: yes
configure:2233: checking for gawk
configure:2260: result: mawk
configure:2329: checking for g++
configure:2345: found /usr/bin/g++
configure:2356: result: g++
configure:2387: checking for C++ compiler version
configure:2394: g++ --version >&5
g++ (Ubuntu/Linaro 4.6.3-1ubuntu5) 4.6.3
Copyright (C) 2011 Free Software Foundation, Inc.
This is free software; see the source for copying conditions.  There is NO
warranty; not even for MERCHANTABILITY or FITNESS FOR A PARTICULAR PURPOSE.

configure:2397: $? = 0
configure:2404: g++ -v >&5
Using built-in specs.
COLLECT_GCC=g++
COLLECT_LTO_WRAPPER=/usr/lib/gcc/x86_64-linux-gnu/4.6/lto-wrapper
Target: x86_64-linux-gnu
Configured with: ../src/configure -v --with-pkgversion='Ubuntu/Linaro 4.6.3-1ubuntu5' --with-bugurl=file:///usr/share/doc/gcc-4.6/README.Bugs --enable-languages=c,c++,fortran,objc,obj-c++ --prefix=/usr --program-suffix=-4.6 --enable-shared --enable-linker-build-id --with-system-zlib --libexecdir=/usr/lib --without-included-gettext --enable-threads=posix --with-gxx-include-dir=/usr/include/c++/4.6 --libdir=/usr/lib --enable-nls --with-sysroot=/ --enable-clocale=gnu --enable-libstdcxx-debug --enable-libstdcxx-time=yes --enable-gnu-unique-object --enable-plugin --enable-objc-gc --disable-werror --with-arch-32=i686 --with-tune=generic --enable-checking=release --build=x86_64-linux-gnu --host=x86_64-linux-gnu --target=x86_64-linux-gnu
Thread model: posix
gcc version 4.6.3 (Ubuntu/Linaro 4.6.3-1ubuntu5) 
configure:2407: $? = 0
configure:2414: g++ -V >&5
g++: error: unrecognized option '-V'
g++: fatal error: no input files
compilation terminated.
configure:2417: $? = 4
configure:2440: checking for C++ compiler default output file name
configure:2467: g++    conftest.cpp  >&5
configure:2470: $? = 0
configure:2508: result: a.out
configure:2525: checking whether the C++ compiler works
configure:2535: ./a.out
configure:2538: $? = 0
configure:2555: result: yes
configure:2562: checking whether we are cross compiling
configure:2564: result: no
configure:2567: checking for suffix of executables
configure:2574: g++ -o conftest    conftest.cpp  >&5
configure:2577: $? = 0
configure:2601: result: 
configure:2607: checking for suffix of object files
configure:2633: g++ -c   conftest.cpp >&5
configure:2636: $? = 0
configure:2659: result: o
configure:2663: checking whether we are using the GNU C++ compiler
configure:2692: g++ -c   conftest.cpp >&5
configure:2698: $? = 0
configure:2715: result: yes
configure:2720: checking whether g++ accepts -g
configure:2750: g++ -c -g  conftest.cpp >&5
configure:2756: $? = 0
configure:2855: result: yes
configure:2889: checking for style of include used by make
configure:2917: result: GNU
configure:2942: checking dependency style of g++
configure:3033: result: gcc3
configure:3096: checking for gcc
configure:3112: found /usr/bin/gcc
configure:3123: result: gcc
configure:3361: checking for C compiler version
configure:3368: gcc --version >&5
gcc (Ubuntu/Linaro 4.6.3-1ubuntu5) 4.6.3
Copyright (C) 2011 Free Software Foundation, Inc.
This is free software; see the source for copying conditions.  There is NO
warranty; not even for MERCHANTABILITY or FITNESS FOR A PARTICULAR PURPOSE.

configure:3371: $? = 0
configure:3378: gcc -v >&5
Using built-in specs.
COLLECT_GCC=gcc
COLLECT_LTO_WRAPPER=/usr/lib/gcc/x86_64-linux-gnu/4.6/lto-wrapper
Target: x86_64-linux-gnu
Configured with: ../src/configure -v --with-pkgversion='Ubuntu/Linaro 4.6.3-1ubuntu5' --with-bugurl=file:///usr/share/doc/gcc-4.6/README.Bugs --enable-languages=c,c++,fortran,objc,obj-c++ --prefix=/usr --program-suffix=-4.6 --enable-shared --enable-linker-build-id --with-system-zlib --libexecdir=/usr/lib --without-included-gettext --enable-threads=posix --with-gxx-include-dir=/usr/include/c++/4.6 --libdir=/usr/lib --enable-nls --with-sysroot=/ --enable-clocale=gnu --enable-libstdcxx-debug --enable-libstdcxx-time=yes --enable-gnu-unique-object --enable-plugin --enable-objc-gc --disable-werror --with-arch-32=i686 --with-tune=generic --enable-checking=release --build=x86_64-linux-gnu --host=x86_64-linux-gnu --target=x86_64-linux-gnu
Thread model: posix
gcc version 4.6.3 (Ubuntu/Linaro 4.6.3-1ubuntu5) 
configure:3381: $? = 0
configure:3388: gcc -V >&5
gcc: error: unrecognized option '-V'
gcc: fatal error: no input files
compilation terminated.
configure:3391: $? = 4
configure:3394: checking whether we are using the GNU C compiler
configure:3423: gcc -c   conftest.c >&5
configure:3429: $? = 0
configure:3446: result: yes
configure:3451: checking whether gcc accepts -g
configure:3481: gcc -c -g  conftest.c >&5
configure:3487: $? = 0
configure:3586: result: yes
configure:3603: checking for gcc option to accept ISO C89
configure:3677: gcc  -c -g -O2  conftest.c >&5
configure:3683: $? = 0
configure:3706: result: none needed
configure:3726: checking dependency style of gcc
configure:3817: result: gcc3
configure:3837: checking how to run the C preprocessor
configure:3877: gcc -E  conftest.c
configure:3883: $? = 0
configure:3914: gcc -E  conftest.c
conftest.c:10:28: fatal error: ac_nonexistent.h: No such file or directory
compilation terminated.
configure:3920: $? = 1
configure: failed program was:
| /* confdefs.h.  */
| #define PACKAGE_NAME "gama"
| #define PACKAGE_TARNAME "gama"
| #define PACKAGE_VERSION "1.9.07"
| #define PACKAGE_STRING "gama 1.9.07"
| #define PACKAGE_BUGREPORT "bug-gama@gnu.org"
| #define PACKAGE "gama"
| #define VERSION "1.9.07"
| /* end confdefs.h.  */
| #include <ac_nonexistent.h>
configure:3953: result: gcc -E
configure:3982: gcc -E  conftest.c
configure:3988: $? = 0
configure:4019: gcc -E  conftest.c
conftest.c:10:28: fatal error: ac_nonexistent.h: No such file or directory
compilation terminated.
configure:4025: $? = 1
configure: failed program was:
| /* confdefs.h.  */
| #define PACKAGE_NAME "gama"
| #define PACKAGE_TARNAME "gama"
| #define PACKAGE_VERSION "1.9.07"
| #define PACKAGE_STRING "gama 1.9.07"
| #define PACKAGE_BUGREPORT "bug-gama@gnu.org"
| #define PACKAGE "gama"
| #define VERSION "1.9.07"
| /* end confdefs.h.  */
| #include <ac_nonexistent.h>
configure:4062: checking whether ln -s works
configure:4066: result: yes
configure:4073: checking whether make sets $(MAKE)
configure:4094: result: yes
configure:4146: checking for ranlib
configure:4162: found /usr/bin/ranlib
configure:4173: result: ranlib
configure:4203: checking for main in -lexpat
configure:4232: gcc -o conftest -g -O2   conftest.c -lexpat   >&5
configure:4238: $? = 0
configure:4256: result: yes
configure:4270: checking for grep that handles long lines and -e
configure:4344: result: /bin/grep
configure:4349: checking for egrep
configure:4427: result: /bin/grep -E
configure:4432: checking for ANSI C header files
configure:4462: gcc -c -g -O2  conftest.c >&5
configure:4468: $? = 0
configure:4567: gcc -o conftest -g -O2   conftest.c -lexpat  >&5
configure:4570: $? = 0
configure:4576: ./conftest
configure:4579: $? = 0
configure:4596: result: yes
configure:4620: checking for sys/types.h
configure:4641: gcc -c -g -O2  conftest.c >&5
configure:4647: $? = 0
configure:4663: result: yes
configure:4620: checking for sys/stat.h
configure:4641: gcc -c -g -O2  conftest.c >&5
configure:4647: $? = 0
configure:4663: result: yes
configure:4620: checking for stdlib.h
configure:4641: gcc -c -g -O2  conftest.c >&5
configure:4647: $? = 0
configure:4663: result: yes
configure:4620: checking for string.h
configure:4641: gcc -c -g -O2  conftest.c >&5
configure:4647: $? = 0
configure:4663: result: yes
configure:4620: checking for memory.h
configure:4641: gcc -c -g -O2  conftest.c >&5
configure:4647: $? = 0
configure:4663: result: yes
configure:4620: checking for strings.h
configure:4641: gcc -c -g -O2  conftest.c >&5
configure:4647: $? = 0
configure:4663: result: yes
configure:4620: checking for inttypes.h
configure:4641: gcc -c -g -O2  conftest.c >&5
configure:4647: $? = 0
configure:4663: result: yes
configure:4620: checking for stdint.h
configure:4641: gcc -c -g -O2  conftest.c >&5
configure:4647: $? = 0
configure:4663: result: yes
configure:4620: checking for unistd.h
configure:4641: gcc -c -g -O2  conftest.c >&5
configure:4647: $? = 0
configure:4663: result: yes
configure:4685: checking expat.h usability
configure:4702: gcc -c -g -O2  conftest.c >&5
configure:4708: $? = 0
configure:4722: result: yes
configure:4726: checking expat.h presence
configure:4741: gcc -E  conftest.c
configure:4747: $? = 0
configure:4761: result: yes
configure:4794: checking for expat.h
configure:4801: result: yes
configure:4816: checking whether stat file-mode macros are broken
configure:4853: gcc -c -g -O2  conftest.c >&5
configure:4859: $? = 0
configure:4874: result: no
configure:4884: checking for stdbool.h that conforms to C99
configure:4977: gcc -c -g -O2  conftest.c >&5
configure:4983: $? = 0
configure:4998: result: yes
configure:5000: checking for _Bool
configure:5030: gcc -c -g -O2  conftest.c >&5
configure:5036: $? = 0
configure:5051: result: yes
configure:5070: checking for an ANSI C-conforming const
configure:5145: gcc -c -g -O2  conftest.c >&5
configure:5151: $? = 0
configure:5166: result: yes
configure:5176: checking for inline
configure:5202: gcc -c -g -O2  conftest.c >&5
configure:5208: $? = 0
configure:5226: result: inline
configure:5245: checking for off_t
configure:5275: gcc -c -g -O2  conftest.c >&5
configure:5281: $? = 0
configure:5296: result: yes
configure:5308: checking for size_t
configure:5338: gcc -c -g -O2  conftest.c >&5
configure:5344: $? = 0
configure:5359: result: yes
configure:5373: checking for error_at_line
configure:5399: gcc -o conftest -g -O2   conftest.c -lexpat  >&5
configure:5405: $? = 0
configure:5422: result: yes
configure:5438: checking for stdlib.h
configure:5444: result: yes
configure:5578: checking for GNU libc compatible malloc
configure:5612: gcc -o conftest -g -O2   conftest.c -lexpat  >&5
configure:5615: $? = 0
configure:5621: ./conftest
configure:5624: $? = 0
configure:5640: result: yes
configure:5668: checking for working memcmp
configure:5721: gcc -o conftest -g -O2   conftest.c -lexpat  >&5
configure:5724: $? = 0
configure:5730: ./conftest
configure:5733: $? = 0
configure:5749: result: yes
configure:5764: checking for stdlib.h
configure:5770: result: yes
configure:5764: checking for unistd.h
configure:5770: result: yes
configure:5908: checking for getpagesize
configure:5964: gcc -o conftest -g -O2   conftest.c -lexpat  >&5
configure:5970: $? = 0
configure:5988: result: yes
configure:5998: checking for working mmap
configure:6145: gcc -o conftest -g -O2   conftest.c -lexpat  >&5
configure:6148: $? = 0
configure:6154: ./conftest
configure:6157: $? = 0
configure:6173: result: yes
configure:6189: checking for stdlib.h
configure:6195: result: yes
configure:6329: checking for GNU libc compatible realloc
configure:6363: gcc -o conftest -g -O2   conftest.c -lexpat  >&5
configure:6366: $? = 0
configure:6372: ./conftest
configure:6375: $? = 0
configure:6391: result: yes
configure:6419: checking for function prototypes
configure:6422: result: yes
configure:6439: checking whether setvbuf arguments are reversed
configure:6469: gcc -o conftest -g -O2   conftest.c -lexpat  >&5
conftest.c:35:10: error: conflicting types for 'setvbuf'
/usr/include/stdio.h:337:12: note: previous declaration of 'setvbuf' was here
configure:6475: $? = 1
configure: failed program was:
| /* confdefs.h.  */
| #define PACKAGE_NAME "gama"
| #define PACKAGE_TARNAME "gama"
| #define PACKAGE_VERSION "1.9.07"
| #define PACKAGE_STRING "gama 1.9.07"
| #define PACKAGE_BUGREPORT "bug-gama@gnu.org"
| #define PACKAGE "gama"
| #define VERSION "1.9.07"
| #define HAVE_LIBEXPAT 1
| #define STDC_HEADERS 1
| #define HAVE_SYS_TYPES_H 1
| #define HAVE_SYS_STAT_H 1
| #define HAVE_STDLIB_H 1
| #define HAVE_STRING_H 1
| #define HAVE_MEMORY_H 1
| #define HAVE_STRINGS_H 1
| #define HAVE_INTTYPES_H 1
| #define HAVE_STDINT_H 1
| #define HAVE_UNISTD_H 1
| #define HAVE__BOOL 1
| #define HAVE_STDBOOL_H 1
| #define HAVE_STDLIB_H 1
| #define HAVE_MALLOC 1
| #define HAVE_STDLIB_H 1
| #define HAVE_UNISTD_H 1
| #define HAVE_GETPAGESIZE 1
| #define HAVE_MMAP 1
| #define HAVE_STDLIB_H 1
| #define HAVE_REALLOC 1
| #define PROTOTYPES 1
| #define __PROTOTYPES 1
| /* end confdefs.h.  */
| #include <stdio.h>
| #	  ifdef PROTOTYPES
| 	   int (setvbuf) (FILE *, int, char *, size_t);
| #	  endif
| int
| main ()
| {
| char buf; return setvbuf (stdout, _IOLBF, &buf, 1);
|   ;
|   return 0;
| }
configure:6596: result: no
configure:6614: checking for memmove
configure:6670: gcc -o conftest -g -O2   conftest.c -lexpat  >&5
conftest.c:56:6: warning: conflicting types for built-in function 'memmove' [enabled by default]
configure:6676: $? = 0
configure:6694: result: yes
configure:6614: checking for memset
configure:6670: gcc -o conftest -g -O2   conftest.c -lexpat  >&5
conftest.c:57:6: warning: conflicting types for built-in function 'memset' [enabled by default]
configure:6676: $? = 0
configure:6694: result: yes
configure:6614: checking for munmap
configure:6670: gcc -o conftest -g -O2   conftest.c -lexpat  >&5
configure:6676: $? = 0
configure:6694: result: yes
configure:6614: checking for pow
configure:6670: gcc -o conftest -g -O2   conftest.c -lexpat  >&5
conftest.c:59:6: warning: conflicting types for built-in function 'pow' [enabled by default]
/tmp/ccmhQQKY.o: In function `main':
/var/www/dev/gizela/util/gama/conftest.c:70: undefined reference to `pow'
collect2: ld returned 1 exit status
configure:6676: $? = 1
configure: failed program was:
| /* confdefs.h.  */
| #define PACKAGE_NAME "gama"
| #define PACKAGE_TARNAME "gama"
| #define PACKAGE_VERSION "1.9.07"
| #define PACKAGE_STRING "gama 1.9.07"
| #define PACKAGE_BUGREPORT "bug-gama@gnu.org"
| #define PACKAGE "gama"
| #define VERSION "1.9.07"
| #define HAVE_LIBEXPAT 1
| #define STDC_HEADERS 1
| #define HAVE_SYS_TYPES_H 1
| #define HAVE_SYS_STAT_H 1
| #define HAVE_STDLIB_H 1
| #define HAVE_STRING_H 1
| #define HAVE_MEMORY_H 1
| #define HAVE_STRINGS_H 1
| #define HAVE_INTTYPES_H 1
| #define HAVE_STDINT_H 1
| #define HAVE_UNISTD_H 1
| #define HAVE__BOOL 1
| #define HAVE_STDBOOL_H 1
| #define HAVE_STDLIB_H 1
| #define HAVE_MALLOC 1
| #define HAVE_STDLIB_H 1
| #define HAVE_UNISTD_H 1
| #define HAVE_GETPAGESIZE 1
| #define HAVE_MMAP 1
| #define HAVE_STDLIB_H 1
| #define HAVE_REALLOC 1
| #define PROTOTYPES 1
| #define __PROTOTYPES 1
| #define HAVE_MEMMOVE 1
| #define HAVE_MEMSET 1
| #define HAVE_MUNMAP 1
| /* end confdefs.h.  */
| /* Define pow to an innocuous variant, in case <limits.h> declares pow.
|    For example, HP-UX 11i <limits.h> declares gettimeofday.  */
| #define pow innocuous_pow
| 
| /* System header to define __stub macros and hopefully few prototypes,
|     which can conflict with char pow (); below.
|     Prefer <limits.h> to <assert.h> if __STDC__ is defined, since
|     <limits.h> exists even on freestanding compilers.  */
| 
| #ifdef __STDC__
| # include <limits.h>
| #else
| # include <assert.h>
| #endif
| 
| #undef pow
| 
| /* Override any GCC internal prototype to avoid an error.
|    Use char because int might match the return type of a GCC
|    builtin and then its argument prototype would still apply.  */
| #ifdef __cplusplus
| extern "C"
| #endif
| char pow ();
| /* The GNU C library defines this for functions which it implements
|     to always fail with ENOSYS.  Some functions are actually named
|     something starting with __ and the normal name is an alias.  */
| #if defined __stub_pow || defined __stub___pow
| choke me
| #endif
| 
| int
| main ()
| {
| return pow ();
|   ;
|   return 0;
| }
configure:6694: result: no
configure:6614: checking for sqrt
configure:6670: gcc -o conftest -g -O2   conftest.c -lexpat  >&5
conftest.c:59:6: warning: conflicting types for built-in function 'sqrt' [enabled by default]
/tmp/ccrpFVk4.o: In function `main':
/var/www/dev/gizela/util/gama/conftest.c:70: undefined reference to `sqrt'
collect2: ld returned 1 exit status
configure:6676: $? = 1
configure: failed program was:
| /* confdefs.h.  */
| #define PACKAGE_NAME "gama"
| #define PACKAGE_TARNAME "gama"
| #define PACKAGE_VERSION "1.9.07"
| #define PACKAGE_STRING "gama 1.9.07"
| #define PACKAGE_BUGREPORT "bug-gama@gnu.org"
| #define PACKAGE "gama"
| #define VERSION "1.9.07"
| #define HAVE_LIBEXPAT 1
| #define STDC_HEADERS 1
| #define HAVE_SYS_TYPES_H 1
| #define HAVE_SYS_STAT_H 1
| #define HAVE_STDLIB_H 1
| #define HAVE_STRING_H 1
| #define HAVE_MEMORY_H 1
| #define HAVE_STRINGS_H 1
| #define HAVE_INTTYPES_H 1
| #define HAVE_STDINT_H 1
| #define HAVE_UNISTD_H 1
| #define HAVE__BOOL 1
| #define HAVE_STDBOOL_H 1
| #define HAVE_STDLIB_H 1
| #define HAVE_MALLOC 1
| #define HAVE_STDLIB_H 1
| #define HAVE_UNISTD_H 1
| #define HAVE_GETPAGESIZE 1
| #define HAVE_MMAP 1
| #define HAVE_STDLIB_H 1
| #define HAVE_REALLOC 1
| #define PROTOTYPES 1
| #define __PROTOTYPES 1
| #define HAVE_MEMMOVE 1
| #define HAVE_MEMSET 1
| #define HAVE_MUNMAP 1
| /* end confdefs.h.  */
| /* Define sqrt to an innocuous variant, in case <limits.h> declares sqrt.
|    For example, HP-UX 11i <limits.h> declares gettimeofday.  */
| #define sqrt innocuous_sqrt
| 
| /* System header to define __stub macros and hopefully few prototypes,
|     which can conflict with char sqrt (); below.
|     Prefer <limits.h> to <assert.h> if __STDC__ is defined, since
|     <limits.h> exists even on freestanding compilers.  */
| 
| #ifdef __STDC__
| # include <limits.h>
| #else
| # include <assert.h>
| #endif
| 
| #undef sqrt
| 
| /* Override any GCC internal prototype to avoid an error.
|    Use char because int might match the return type of a GCC
|    builtin and then its argument prototype would still apply.  */
| #ifdef __cplusplus
| extern "C"
| #endif
| char sqrt ();
| /* The GNU C library defines this for functions which it implements
|     to always fail with ENOSYS.  Some functions are actually named
|     something starting with __ and the normal name is an alias.  */
| #if defined __stub_sqrt || defined __stub___sqrt
| choke me
| #endif
| 
| int
| main ()
| {
| return sqrt ();
|   ;
|   return 0;
| }
configure:6694: result: no
configure:6828: creating ./config.status

## ---------------------- ##
## Running config.status. ##
## ---------------------- ##

This file was extended by gama config.status 1.9.07, which was
generated by GNU Autoconf 2.61.  Invocation command line was

  CONFIG_FILES    = 
  CONFIG_HEADERS  = 
  CONFIG_LINKS    = 
  CONFIG_COMMANDS = 
  $ ./config.status 

on michal-VirtualBox

config.status:649: creating Makefile
config.status:649: creating lib/Makefile
config.status:649: creating gama-g3/Makefile
config.status:649: creating gama-local/Makefile
config.status:649: creating scripts/Makefile
config.status:649: creating doc/Makefile
config.status:649: creating xml/Makefile
config.status:649: creating config.h
config.status:891: config.h is unchanged
config.status:938: executing depfiles commands

## ---------------- ##
## Cache variables. ##
## ---------------- ##

ac_cv_c_compiler_gnu=yes
ac_cv_c_const=yes
ac_cv_c_inline=inline
ac_cv_cxx_compiler_gnu=yes
ac_cv_env_CCC_set=
ac_cv_env_CCC_value=
ac_cv_env_CC_set=
ac_cv_env_CC_value=
ac_cv_env_CFLAGS_set=
ac_cv_env_CFLAGS_value=
ac_cv_env_CPPFLAGS_set=
ac_cv_env_CPPFLAGS_value=
ac_cv_env_CPP_set=
ac_cv_env_CPP_value=
ac_cv_env_CXXFLAGS_set=
ac_cv_env_CXXFLAGS_value=
ac_cv_env_CXX_set=
ac_cv_env_CXX_value=
ac_cv_env_LDFLAGS_set=
ac_cv_env_LDFLAGS_value=
ac_cv_env_LIBS_set=
ac_cv_env_LIBS_value=
ac_cv_env_build_alias_set=
ac_cv_env_build_alias_value=
ac_cv_env_host_alias_set=
ac_cv_env_host_alias_value=
ac_cv_env_target_alias_set=
ac_cv_env_target_alias_value=
ac_cv_func_getpagesize=yes
ac_cv_func_malloc_0_nonnull=yes
ac_cv_func_memcmp_working=yes
ac_cv_func_memmove=yes
ac_cv_func_memset=yes
ac_cv_func_mmap_fixed_mapped=yes
ac_cv_func_munmap=yes
ac_cv_func_pow=no
ac_cv_func_realloc_0_nonnull=yes
ac_cv_func_setvbuf_reversed=no
ac_cv_func_sqrt=no
ac_cv_header_expat_h=yes
ac_cv_header_inttypes_h=yes
ac_cv_header_memory_h=yes
ac_cv_header_stat_broken=no
ac_cv_header_stdbool_h=yes
ac_cv_header_stdc=yes
ac_cv_header_stdint_h=yes
ac_cv_header_stdlib_h=yes
ac_cv_header_string_h=yes
ac_cv_header_strings_h=yes
ac_cv_header_sys_stat_h=yes
ac_cv_header_sys_types_h=yes
ac_cv_header_unistd_h=yes
ac_cv_lib_error_at_line=yes
ac_cv_lib_expat_main=yes
ac_cv_objext=o
ac_cv_path_EGREP='/bin/grep -E'
ac_cv_path_GREP=/bin/grep
ac_cv_path_install='/usr/bin/install -c'
ac_cv_path_mkdir=/bin/mkdir
ac_cv_prog_AWK=mawk
ac_cv_prog_CPP='gcc -E'
ac_cv_prog_ac_ct_CC=gcc
ac_cv_prog_ac_ct_CXX=g++
ac_cv_prog_ac_ct_RANLIB=ranlib
ac_cv_prog_cc_c89=
ac_cv_prog_cc_g=yes
ac_cv_prog_cxx_g=yes
ac_cv_prog_make_make_set=yes
ac_cv_type__Bool=yes
ac_cv_type_off_t=yes
ac_cv_type_size_t=yes
am_cv_CC_dependencies_compiler_type=gcc3
am_cv_CXX_dependencies_compiler_type=gcc3

## ----------------- ##
## Output variables. ##
## ----------------- ##

ACLOCAL='${SHELL} /var/www/dev/gizela/util/gama/scripts/config.aux/missing --run aclocal-1.10'
AMDEPBACKSLASH='\'
AMDEP_FALSE='#'
AMDEP_TRUE=''
AMTAR='${SHELL} /var/www/dev/gizela/util/gama/scripts/config.aux/missing --run tar'
AUTOCONF='${SHELL} /var/www/dev/gizela/util/gama/scripts/config.aux/missing --run autoconf'
AUTOHEADER='${SHELL} /var/www/dev/gizela/util/gama/scripts/config.aux/missing --run autoheader'
AUTOMAKE='${SHELL} /var/www/dev/gizela/util/gama/scripts/config.aux/missing --run automake-1.10'
AWK='mawk'
CC='gcc'
CCDEPMODE='depmode=gcc3'
CFLAGS='-g -O2'
CPP='gcc -E'
CPPFLAGS=''
CXX='g++'
CXXDEPMODE='depmode=gcc3'
CXXFLAGS='-g -O2'
CYGPATH_W='echo'
DEFS='-DHAVE_CONFIG_H'
DEPDIR='.deps'
ECHO_C=''
ECHO_N='-n'
ECHO_T=''
EGREP='/bin/grep -E'
EXEEXT=''
GREP='/bin/grep'
INSTALL_DATA='${INSTALL} -m 644'
INSTALL_PROGRAM='${INSTALL}'
INSTALL_SCRIPT='${INSTALL}'
INSTALL_STRIP_PROGRAM='$(install_sh) -c -s'
LDFLAGS=''
LIBOBJS=''
LIBS='-lexpat '
LN_S='ln -s'
LTLIBOBJS=''
MAKEINFO='${SHELL} /var/www/dev/gizela/util/gama/scripts/config.aux/missing --run makeinfo'
OBJEXT='o'
PACKAGE='gama'
PACKAGE_BUGREPORT='bug-gama@gnu.org'
PACKAGE_NAME='gama'
PACKAGE_STRING='gama 1.9.07'
PACKAGE_TARNAME='gama'
PACKAGE_VERSION='1.9.07'
PATH_SEPARATOR=':'
RANLIB='ranlib'
SET_MAKE=''
SHELL='/bin/bash'
STRIP=''
VERSION='1.9.07'
ac_ct_CC='gcc'
ac_ct_CXX='g++'
am__fastdepCC_FALSE='#'
am__fastdepCC_TRUE=''
am__fastdepCXX_FALSE='#'
am__fastdepCXX_TRUE=''
am__include='include'
am__isrc=''
am__leading_dot='.'
am__quote=''
am__tar='${AMTAR} chof - "$$tardir"'
am__untar='${AMTAR} xf -'
bindir='${exec_prefix}/bin'
build_alias=''
datadir='${datarootdir}'
datarootdir='${prefix}/share'
docdir='${datarootdir}/doc/${PACKAGE_TARNAME}'
dvidir='${docdir}'
exec_prefix='${prefix}'
host_alias=''
htmldir='${docdir}'
includedir='${prefix}/include'
infodir='${datarootdir}/info'
install_sh='$(SHELL) /var/www/dev/gizela/util/gama/scripts/config.aux/install-sh'
libdir='${exec_prefix}/lib'
libexecdir='${exec_prefix}/libexec'
localedir='${datarootdir}/locale'
localstatedir='${prefix}/var'
mandir='${datarootdir}/man'
mkdir_p='/bin/mkdir -p'
oldincludedir='/usr/include'
pdfdir='${docdir}'
prefix='/usr/local'
program_transform_name='s,x,x,'
psdir='${docdir}'
sbindir='${exec_prefix}/sbin'
sharedstatedir='${prefix}/com'
sysconfdir='${prefix}/etc'
target_alias=''

## ----------- ##
## confdefs.h. ##
## ----------- ##

#define PACKAGE_NAME "gama"
#define PACKAGE_TARNAME "gama"
#define PACKAGE_VERSION "1.9.07"
#define PACKAGE_STRING "gama 1.9.07"
#define PACKAGE_BUGREPORT "bug-gama@gnu.org"
#define PACKAGE "gama"
#define VERSION "1.9.07"
#define HAVE_LIBEXPAT 1
#define STDC_HEADERS 1
#define HAVE_SYS_TYPES_H 1
#define HAVE_SYS_STAT_H 1
#define HAVE_STDLIB_H 1
#define HAVE_STRING_H 1
#define HAVE_MEMORY_H 1
#define HAVE_STRINGS_H 1
#define HAVE_INTTYPES_H 1
#define HAVE_STDINT_H 1
#define HAVE_UNISTD_H 1
#define HAVE__BOOL 1
#define HAVE_STDBOOL_H 1
#define HAVE_STDLIB_H 1
#define HAVE_MALLOC 1
#define HAVE_STDLIB_H 1
#define HAVE_UNISTD_H 1
#define HAVE_GETPAGESIZE 1
#define HAVE_MMAP 1
#define HAVE_STDLIB_H 1
#define HAVE_REALLOC 1
#define PROTOTYPES 1
#define __PROTOTYPES 1
#define HAVE_MEMMOVE 1
#define HAVE_MEMSET 1
#define HAVE_MUNMAP 1

configure: exit 0
